<?xml version="1.0" encoding="UTF-8"?>
<!-- Generated by org.testng.reporters.JUnitXMLReporter -->
<testsuite ignored="0" hostname="EC2AMAZ-S11DBRH" failures="0" tests="4" name="Default test" time="1.965" errors="0" timestamp="2023-12-14T07:24:56 GMT">
  <testcase classname="testScripts.PlaceOrderTest" name="validLogin" time="0.076"/>
  <testcase classname="testScripts.PlaceOrderTest" name="addItem" time="0.286"/>
  <testcase classname="testScripts.PlaceOrderTest" name="checkoutTest" time="0.082"/>
  <testcase classname="testScripts.PlaceOrderTest" name="checkoutInfo" time="0.541"/>
</testsuite> <!-- Default test -->
